<?xml version="1.0" encoding="UTF-8"?>
<!-- Generated by org.testng.reporters.JUnitReportReporter -->
<testsuite hostname="DESKTOP-9HQL1HH" failures="0" tests="14" name="com.qa.opencart.test.AccountsPageTest" time="57.154" errors="0" timestamp="2023-06-19T23:18:43 IST" skipped="0">
  <testcase classname="com.qa.opencart.test.AccountsPageTest" name="accHeadersValueTest" time="0.254"/>
  <system-out/>
  <testcase classname="com.qa.opencart.test.AccountsPageTest" name="searchProductTest" time="11.804"/>
  <system-out/>
  <testcase classname="com.qa.opencart.test.AccountsPageTest" name="searchProductTest" time="5.812"/>
  <system-out/>
  <testcase classname="com.qa.opencart.test.AccountsPageTest" name="searchProductTest" time="5.636"/>
  <system-out/>
  <testcase classname="com.qa.opencart.test.AccountsPageTest" name="searchProductCountTest" time="4.781"/>
  <system-out/>
  <testcase classname="com.qa.opencart.test.AccountsPageTest" name="accPageUrlTest" time="0.068"/>
  <system-out/>
  <testcase classname="com.qa.opencart.test.AccountsPageTest" name="isLogoutLinkExistTest" time="0.138"/>
  <system-out/>
  <testcase classname="com.qa.opencart.test.AccountsPageTest" name="accHeadersCountTest" time="0.302"/>
  <system-out/>
  <testcase classname="com.qa.opencart.test.AccountsPageTest" name="accPageTitleTest" time="0.075"/>
  <system-out/>
  <testcase classname="com.qa.opencart.test.AccountsPageTest" name="searchProductCountTest" time="7.542"/>
  <system-out/>
  <testcase classname="com.qa.opencart.test.AccountsPageTest" name="searchProductCountTest" time="5.413"/>
  <system-out/>
  <testcase classname="com.qa.opencart.test.AccountsPageTest" name="searchProductTest" time="5.498"/>
  <system-out/>
  <testcase classname="com.qa.opencart.test.AccountsPageTest" name="searchProductTest" time="5.676"/>
  <system-out/>
  <testcase classname="com.qa.opencart.test.AccountsPageTest" name="searchProductCountTest" time="4.155"/>
  <system-out/>
</testsuite> <!-- com.qa.opencart.test.AccountsPageTest -->
