<?xml version="1.0" encoding="UTF-8"?>
<!-- Generated by org.testng.reporters.JUnitReportReporter -->
<testsuite hostname="DESKTOP-9HQL1HH" failures="0" tests="4" name="com.qa.opencart.test.ProductPageInfoTest" time="35.774" errors="0" timestamp="2023-06-19T23:21:09 IST" skipped="0">
  <testcase classname="com.qa.opencart.test.ProductPageInfoTest" name="productImagesCountTest" time="15.359"/>
  <system-out/>
  <testcase classname="com.qa.opencart.test.ProductPageInfoTest" name="productImagesCountTest" time="4.959"/>
  <system-out/>
  <testcase classname="com.qa.opencart.test.ProductPageInfoTest" name="productImagesCountTest" time="6.935"/>
  <system-out/>
  <testcase classname="com.qa.opencart.test.ProductPageInfoTest" name="productImagesCountTest" time="8.521"/>
  <system-out/>
</testsuite> <!-- com.qa.opencart.test.ProductPageInfoTest -->
