<?xml version="1.0" encoding="UTF-8"?>
<!-- Generated by org.testng.reporters.JUnitReportReporter -->
<testsuite hostname="DESKTOP-9HQL1HH" failures="0" tests="4" name="com.qa.opencart.test.LoginPageTest" time="6.293" errors="0" timestamp="2023-06-18T23:12:31 IST" skipped="0">
  <testcase classname="com.qa.opencart.test.LoginPageTest" name="loginPageTitleTest" time="0.159"/>
  <system-out/>
  <testcase classname="com.qa.opencart.test.LoginPageTest" name="loginPageUrlTest" time="0.086"/>
  <system-out/>
  <testcase classname="com.qa.opencart.test.LoginPageTest" name="forgotPwdLinkTest" time="0.280"/>
  <system-out/>
  <testcase classname="com.qa.opencart.test.LoginPageTest" name="loginTest" time="5.768"/>
  <system-out/>
</testsuite> <!-- com.qa.opencart.test.LoginPageTest -->
