<?xml version="1.0" encoding="UTF-8"?>
<!-- Generated by org.testng.reporters.JUnitReportReporter -->
<testsuite hostname="DESKTOP-9HQL1HH" failures="0" tests="6" name="com.qa.opencart.test.ProductPageInfoTest" time="139.187" errors="0" timestamp="07 Jul 2023 17:32:31 GMT" skipped="0">
  <testcase classname="com.qa.opencart.test.ProductPageInfoTest" name="productImagesCountTest" time="10.855"/>
  <testcase classname="com.qa.opencart.test.ProductPageInfoTest" name="productImagesCountTest" time="29.058"/>
  <testcase classname="com.qa.opencart.test.ProductPageInfoTest" name="productImagesCountTest" time="44.976"/>
  <testcase classname="com.qa.opencart.test.ProductPageInfoTest" name="productImagesCountTest" time="19.977"/>
  <testcase classname="com.qa.opencart.test.ProductPageInfoTest" name="addToCartTest" time="25.541"/>
  <testcase classname="com.qa.opencart.test.ProductPageInfoTest" name="productInfoPage" time="8.780"/>
</testsuite> <!-- com.qa.opencart.test.ProductPageInfoTest -->
