<?xml version="1.0" encoding="UTF-8"?>
<!-- Generated by org.testng.reporters.JUnitReportReporter -->
<testsuite hostname="DESKTOP-9HQL1HH" failures="0" tests="14" name="com.qa.opencart.test.AccountsPageTest" time="55.262" errors="0" timestamp="2023-07-28T22:17:58 IST" skipped="0">
  <testcase classname="com.qa.opencart.test.AccountsPageTest" name="searchProductTest" time="5.760"/>
  <system-out/>
  <testcase classname="com.qa.opencart.test.AccountsPageTest" name="searchProductCountTest" time="6.079"/>
  <system-out/>
  <testcase classname="com.qa.opencart.test.AccountsPageTest" name="accPageUrlTest" time="0.044"/>
  <system-out/>
  <testcase classname="com.qa.opencart.test.AccountsPageTest" name="searchProductTest" time="6.167"/>
  <system-out/>
  <testcase classname="com.qa.opencart.test.AccountsPageTest" name="accPageTitleTest" time="0.048"/>
  <system-out/>
  <testcase classname="com.qa.opencart.test.AccountsPageTest" name="isLogoutLinkExistTest" time="0.204"/>
  <system-out/>
  <testcase classname="com.qa.opencart.test.AccountsPageTest" name="searchProductCountTest" time="4.093"/>
  <system-out/>
  <testcase classname="com.qa.opencart.test.AccountsPageTest" name="searchProductTest" time="7.454"/>
  <system-out/>
  <testcase classname="com.qa.opencart.test.AccountsPageTest" name="accHeadersValueTest" time="0.256"/>
  <system-out/>
  <testcase classname="com.qa.opencart.test.AccountsPageTest" name="searchProductCountTest" time="3.735"/>
  <system-out/>
  <testcase classname="com.qa.opencart.test.AccountsPageTest" name="searchProductTest" time="10.633"/>
  <system-out/>
  <testcase classname="com.qa.opencart.test.AccountsPageTest" name="searchProductTest" time="6.465"/>
  <system-out/>
  <testcase classname="com.qa.opencart.test.AccountsPageTest" name="searchProductCountTest" time="3.801"/>
  <system-out/>
  <testcase classname="com.qa.opencart.test.AccountsPageTest" name="accHeadersCountTest" time="0.523"/>
  <system-out/>
</testsuite> <!-- com.qa.opencart.test.AccountsPageTest -->
