<?xml version="1.0" encoding="UTF-8"?>
<!-- Generated by org.testng.reporters.JUnitReportReporter -->
<testsuite hostname="DESKTOP-9HQL1HH" failures="0" tests="6" name="com.qa.opencart.test.ProductPageInfoTest" time="95.232" errors="0" timestamp="2023-08-03T17:00:58 IST" skipped="0">
  <testcase classname="com.qa.opencart.test.ProductPageInfoTest" name="productInfoPage" time="14.978"/>
  <system-out/>
  <testcase classname="com.qa.opencart.test.ProductPageInfoTest" name="productImagesCountTest" time="28.506"/>
  <system-out/>
  <testcase classname="com.qa.opencart.test.ProductPageInfoTest" name="addToCartTest" time="21.256"/>
  <system-out/>
  <testcase classname="com.qa.opencart.test.ProductPageInfoTest" name="productImagesCountTest" time="7.081"/>
  <system-out/>
  <testcase classname="com.qa.opencart.test.ProductPageInfoTest" name="productImagesCountTest" time="10.594"/>
  <system-out/>
  <testcase classname="com.qa.opencart.test.ProductPageInfoTest" name="productImagesCountTest" time="12.817"/>
  <system-out/>
</testsuite> <!-- com.qa.opencart.test.ProductPageInfoTest -->
