<?xml version="1.0" encoding="UTF-8"?>
<!-- Generated by org.testng.reporters.JUnitReportReporter -->
<testsuite hostname="DESKTOP-9HQL1HH" failures="0" tests="14" name="com.qa.opencart.test.AccountsPageTest" time="117.883" errors="0" timestamp="2023-08-03T17:00:58 IST" skipped="0">
  <testcase classname="com.qa.opencart.test.AccountsPageTest" name="searchProductTest" time="13.465"/>
  <system-out/>
  <testcase classname="com.qa.opencart.test.AccountsPageTest" name="accPageUrlTest" time="0.108"/>
  <system-out/>
  <testcase classname="com.qa.opencart.test.AccountsPageTest" name="searchProductCountTest" time="8.511"/>
  <system-out/>
  <testcase classname="com.qa.opencart.test.AccountsPageTest" name="accHeadersCountTest" time="1.499"/>
  <system-out/>
  <testcase classname="com.qa.opencart.test.AccountsPageTest" name="searchProductCountTest" time="11.822"/>
  <system-out/>
  <testcase classname="com.qa.opencart.test.AccountsPageTest" name="searchProductTest" time="9.969"/>
  <system-out/>
  <testcase classname="com.qa.opencart.test.AccountsPageTest" name="searchProductTest" time="7.525"/>
  <system-out/>
  <testcase classname="com.qa.opencart.test.AccountsPageTest" name="searchProductTest" time="16.762"/>
  <system-out/>
  <testcase classname="com.qa.opencart.test.AccountsPageTest" name="accHeadersValueTest" time="0.613"/>
  <system-out/>
  <testcase classname="com.qa.opencart.test.AccountsPageTest" name="accPageTitleTest" time="0.558"/>
  <system-out/>
  <testcase classname="com.qa.opencart.test.AccountsPageTest" name="searchProductCountTest" time="10.539"/>
  <system-out/>
  <testcase classname="com.qa.opencart.test.AccountsPageTest" name="isLogoutLinkExistTest" time="0.443"/>
  <system-out/>
  <testcase classname="com.qa.opencart.test.AccountsPageTest" name="searchProductTest" time="11.601"/>
  <system-out/>
  <testcase classname="com.qa.opencart.test.AccountsPageTest" name="searchProductCountTest" time="24.468"/>
  <system-out/>
</testsuite> <!-- com.qa.opencart.test.AccountsPageTest -->
